<?xml version="1.0" encoding="UTF-8"?>
<!-- Generated by org.testng.reporters.JUnitReportReporter -->
<testsuite skipped="0" hostname="SurajMishra" name="com.TestPackage.LoginTestClass" tests="1" failures="0" timestamp="2021-02-20T10:25:03 IST" time="17.404" errors="0">
  <testcase name="start" time="17.404" classname="com.TestPackage.LoginTestClass"/>
  <system-out/>
</testsuite> <!-- com.TestPackage.LoginTestClass -->
